#
# There is insufficient memory for the Java Runtime Environment to continue.
# Native memory allocation (malloc) failed to allocate 463936 bytes for Chunk::new
# Possible reasons:
#   The system is out of physical RAM or swap space
#   In 32 bit mode, the process size limit was hit
# Possible solutions:
#   Reduce memory load on the system
#   Increase physical memory or swap space
#   Check if swap backing store is full
#   Use 64 bit Java on a 64 bit OS
#   Decrease Java heap size (-Xmx/-Xms)
#   Decrease number of Java threads
#   Decrease Java thread stack sizes (-Xss)
#   Set larger code cache with -XX:ReservedCodeCacheSize=
# This output file may be truncated or incomplete.
#
#  Out of Memory Error (allocation.cpp:390), pid=9400, tid=0x0000000000000e50
#
# JRE version: Java(TM) SE Runtime Environment (8.0_101-b13) (build 1.8.0_101-b13)
# Java VM: Java HotSpot(TM) 64-Bit Server VM (25.101-b13 mixed mode windows-amd64 compressed oops)
# Failed to write core dump. Minidumps are not enabled by default on client versions of Windows
#

---------------  T H R E A D  ---------------

Current thread (0x0000000017707800):  JavaThread "C2 CompilerThread0" daemon [_thread_in_native, id=3664, stack(0x0000000017ed0000,0x0000000017fd0000)]

Stack: [0x0000000017ed0000,0x0000000017fd0000]
[error occurred during error reporting (printing stack bounds), id 0xc0000005]

Native frames: (J=compiled Java code, j=interpreted, Vv=VM code, C=native code)


Current CompileTask:
C2:   3485 1427       4       com.android.dx.ssa.LocalVariableExtractor::processBlock (383 bytes)


---------------  P R O C E S S  ---------------

Java Threads: ( => current thread )
  0x0000000017acb800 JavaThread "pool-2-thread-4" [_thread_in_Java, id=6704, stack(0x00000000190d0000,0x00000000191d0000)]
  0x0000000017aa6000 JavaThread "pool-2-thread-3" [_thread_in_Java, id=7052, stack(0x0000000018fd0000,0x00000000190d0000)]
  0x0000000017aa5800 JavaThread "pool-2-thread-2" [_thread_blocked, id=2188, stack(0x0000000018ed0000,0x0000000018fd0000)]
  0x0000000017aa4800 JavaThread "pool-3-thread-1" [_thread_blocked, id=5088, stack(0x0000000018dd0000,0x0000000018ed0000)]
  0x0000000017aa4000 JavaThread "pool-2-thread-1" [_thread_blocked, id=7924, stack(0x0000000018cd0000,0x0000000018dd0000)]
  0x000000001777c800 JavaThread "Service Thread" daemon [_thread_blocked, id=1896, stack(0x00000000182d0000,0x00000000183d0000)]
  0x0000000017753800 JavaThread "C1 CompilerThread3" daemon [_thread_in_native, id=8548, stack(0x00000000181d0000,0x00000000182d0000)]
  0x0000000017713800 JavaThread "C2 CompilerThread2" daemon [_thread_in_native, id=8308, stack(0x00000000180d0000,0x00000000181d0000)]
  0x000000001770b800 JavaThread "C2 CompilerThread1" daemon [_thread_in_native, id=5736, stack(0x0000000017fd0000,0x00000000180d0000)]
=>0x0000000017707800 JavaThread "C2 CompilerThread0" daemon [_thread_in_native, id=3664, stack(0x0000000017ed0000,0x0000000017fd0000)]
  0x0000000017706800 JavaThread "Attach Listener" daemon [_thread_blocked, id=9116, stack(0x0000000017dd0000,0x0000000017ed0000)]
  0x0000000017705000 JavaThread "Signal Dispatcher" daemon [_thread_blocked, id=9880, stack(0x0000000017cd0000,0x0000000017dd0000)]
  0x0000000017700800 JavaThread "Finalizer" daemon [_thread_blocked, id=10408, stack(0x0000000017ae0000,0x0000000017be0000)]
  0x0000000002cc6000 JavaThread "Reference Handler" daemon [_thread_blocked, id=6836, stack(0x00000000175e0000,0x00000000176e0000)]
  0x0000000002bd0800 JavaThread "main" [_thread_in_Java, id=4872, stack(0x0000000002a20000,0x0000000002b20000)]

Other Threads:
  0x00000000157e9800 VMThread [stack: 0x00000000174e0000,0x00000000175e0000] [id=6272]
  0x000000001777e800 WatcherThread [stack: 0x00000000183d0000,0x00000000184d0000] [id=9552]

VM state:not at safepoint (normal execution)

VM Mutex/Monitor currently owned by a thread: None

Heap:
 PSYoungGen      total 38400K, used 28221K [0x00000000eab00000, 0x00000000ed580000, 0x0000000100000000)
  eden space 33280K, 69% used [0x00000000eab00000,0x00000000ec1955f8,0x00000000ecb80000)
  from space 5120K, 99% used [0x00000000ed080000,0x00000000ed579ea0,0x00000000ed580000)
  to   space 5120K, 0% used [0x00000000ecb80000,0x00000000ecb80000,0x00000000ed080000)
 ParOldGen       total 52736K, used 3639K [0x00000000c0000000, 0x00000000c3380000, 0x00000000eab00000)
  object space 52736K, 6% used [0x00000000c0000000,0x00000000c038df40,0x00000000c3380000)
 Metaspace       used 6187K, capacity 7090K, committed 7296K, reserved 1058816K
  class space    used 604K, capacity 618K, committed 640K, reserved 1048576K

Card table byte_map: [0x0000000012090000,0x00000000122a0000] byte_map_base: 0x0000000011a90000

Marking Bits: (ParMarkBitMap*) 0x000000006c2ca6d0
 Begin Bits: [0x0000000012c00000, 0x0000000013c00000)
 End Bits:   [0x0000000013c00000, 0x0000000014c00000)

Polling page: 0x0000000002b20000

CodeCache: size=245760Kb used=5941Kb max_used=5941Kb free=239818Kb
 bounds [0x0000000002cd0000, 0x00000000032b0000, 0x0000000011cd0000]
 total_blobs=1718 nmethods=1449 adapters=182
 compilation: enabled

Compilation events (10 events):
Event: 3.430 Thread 0x0000000017753800 nmethod 1470 0x000000000329df90 code [0x000000000329e1e0, 0x000000000329f338]
Event: 3.430 Thread 0x0000000017753800 1472       3       com.android.dx.ssa.Dominators::<init> (55 bytes)
Event: 3.431 Thread 0x0000000017753800 nmethod 1472 0x000000000329fc50 code [0x000000000329fde0, 0x00000000032a0330]
Event: 3.431 Thread 0x0000000017753800 1473       3       com.android.dx.dex.file.CodeItem::<init> (81 bytes)
Event: 3.431 Thread 0x0000000017753800 nmethod 1473 0x00000000032a0590 code [0x00000000032a0740, 0x00000000032a0c38]
Event: 3.481 Thread 0x0000000017753800 1481       1       com.android.dx.rop.cst.CstString::getType (4 bytes)
Event: 3.482 Thread 0x0000000017753800 nmethod 1481 0x00000000032a0e10 code [0x00000000032a0f60, 0x00000000032a1070]
Event: 3.482 Thread 0x0000000017753800 1483       1       com.android.dx.rop.cst.CstKnownNull::getType (4 bytes)
Event: 3.482 Thread 0x0000000017753800 nmethod 1483 0x00000000032a10d0 code [0x00000000032a1220, 0x00000000032a1330]
Event: 3.482 Thread 0x0000000017753800 1486       2       com.android.dx.cf.code.Ropper::addSetupBlocks (535 bytes)

GC Heap History (6 events):
Event: 2.135 GC heap before
{Heap before GC invocations=1 (full 0):
 PSYoungGen      total 38400K, used 16666K [0x00000000eab00000, 0x00000000ed580000, 0x0000000100000000)
  eden space 33280K, 50% used [0x00000000eab00000,0x00000000ebb46a50,0x00000000ecb80000)
  from space 5120K, 0% used [0x00000000ed080000,0x00000000ed080000,0x00000000ed580000)
  to   space 5120K, 0% used [0x00000000ecb80000,0x00000000ecb80000,0x00000000ed080000)
 ParOldGen       total 87552K, used 0K [0x00000000c0000000, 0x00000000c5580000, 0x00000000eab00000)
  object space 87552K, 0% used [0x00000000c0000000,0x00000000c0000000,0x00000000c5580000)
 Metaspace       used 5195K, capacity 6160K, committed 6272K, reserved 1060864K
  class space    used 571K, capacity 584K, committed 640K, reserved 1048576K
Event: 2.156 GC heap after
Heap after GC invocations=1 (full 0):
 PSYoungGen      total 38400K, used 2773K [0x00000000eab00000, 0x00000000ed580000, 0x0000000100000000)
  eden space 33280K, 0% used [0x00000000eab00000,0x00000000eab00000,0x00000000ecb80000)
  from space 5120K, 54% used [0x00000000ecb80000,0x00000000ece35578,0x00000000ed080000)
  to   space 5120K, 0% used [0x00000000ed080000,0x00000000ed080000,0x00000000ed580000)
 ParOldGen       total 87552K, used 0K [0x00000000c0000000, 0x00000000c5580000, 0x00000000eab00000)
  object space 87552K, 0% used [0x00000000c0000000,0x00000000c0000000,0x00000000c5580000)
 Metaspace       used 5195K, capacity 6160K, committed 6272K, reserved 1060864K
  class space    used 571K, capacity 584K, committed 640K, reserved 1048576K
}
Event: 2.156 GC heap before
{Heap before GC invocations=2 (full 1):
 PSYoungGen      total 38400K, used 2773K [0x00000000eab00000, 0x00000000ed580000, 0x0000000100000000)
  eden space 33280K, 0% used [0x00000000eab00000,0x00000000eab00000,0x00000000ecb80000)
  from space 5120K, 54% used [0x00000000ecb80000,0x00000000ece35578,0x00000000ed080000)
  to   space 5120K, 0% used [0x00000000ed080000,0x00000000ed080000,0x00000000ed580000)
 ParOldGen       total 87552K, used 0K [0x00000000c0000000, 0x00000000c5580000, 0x00000000eab00000)
  object space 87552K, 0% used [0x00000000c0000000,0x00000000c0000000,0x00000000c5580000)
 Metaspace       used 5195K, capacity 6160K, committed 6272K, reserved 1060864K
  class space    used 571K, capacity 584K, committed 640K, reserved 1048576K
Event: 2.175 GC heap after
Heap after GC invocations=2 (full 1):
 PSYoungGen      total 38400K, used 0K [0x00000000eab00000, 0x00000000ed580000, 0x0000000100000000)
  eden space 33280K, 0% used [0x00000000eab00000,0x00000000eab00000,0x00000000ecb80000)
  from space 5120K, 0% used [0x00000000ecb80000,0x00000000ecb80000,0x00000000ed080000)
  to   space 5120K, 0% used [0x00000000ed080000,0x00000000ed080000,0x00000000ed580000)
 ParOldGen       total 52736K, used 2641K [0x00000000c0000000, 0x00000000c3380000, 0x00000000eab00000)
  object space 52736K, 5% used [0x00000000c0000000,0x00000000c02946a0,0x00000000c3380000)
 Metaspace       used 5195K, capacity 6160K, committed 6272K, reserved 1058816K
  class space    used 571K, capacity 584K, committed 640K, reserved 1048576K
}
Event: 2.969 GC heap before
{Heap before GC invocations=3 (full 1):
 PSYoungGen      total 38400K, used 33280K [0x00000000eab00000, 0x00000000ed580000, 0x0000000100000000)
  eden space 33280K, 100% used [0x00000000eab00000,0x00000000ecb80000,0x00000000ecb80000)
  from space 5120K, 0% used [0x00000000ecb80000,0x00000000ecb80000,0x00000000ed080000)
  to   space 5120K, 0% used [0x00000000ed080000,0x00000000ed080000,0x00000000ed580000)
 ParOldGen       total 52736K, used 2641K [0x00000000c0000000, 0x00000000c3380000, 0x00000000eab00000)
  object space 52736K, 5% used [0x00000000c0000000,0x00000000c02946a0,0x00000000c3380000)
 Metaspace       used 6064K, capacity 6962K, committed 7040K, reserved 1058816K
  class space    used 603K, capacity 618K, committed 640K, reserved 1048576K
Event: 3.078 GC heap after
Heap after GC invocations=3 (full 1):
 PSYoungGen      total 38400K, used 5095K [0x00000000eab00000, 0x00000000ed580000, 0x0000000100000000)
  eden space 33280K, 0% used [0x00000000eab00000,0x00000000eab00000,0x00000000ecb80000)
  from space 5120K, 99% used [0x00000000ed080000,0x00000000ed579ea0,0x00000000ed580000)
  to   space 5120K, 0% used [0x00000000ecb80000,0x00000000ecb80000,0x00000000ed080000)
 ParOldGen       total 52736K, used 3639K [0x00000000c0000000, 0x00000000c3380000, 0x00000000eab00000)
  object space 52736K, 6% used [0x00000000c0000000,0x00000000c038df40,0x00000000c3380000)
 Metaspace       used 6064K, capacity 6962K, committed 7040K, reserved 1058816K
  class space    used 603K, capacity 618K, committed 640K, reserved 1048576K
}

Deoptimization events (10 events):
Event: 2.340 Thread 0x0000000017aa5800 Uncommon trap: reason=bimorphic action=maybe_recompile pc=0x0000000002f36f18 method=java.util.HashMap.getNode(ILjava/lang/Object;)Ljava/util/HashMap$Node; @ 126
Event: 2.369 Thread 0x0000000017acb800 Uncommon trap: reason=unstable_if action=reinterpret pc=0x0000000002fb619c method=com.android.dx.rop.code.LocalItem.hashCode()I @ 25
Event: 2.369 Thread 0x0000000017acb800 Uncommon trap: reason=unstable_if action=reinterpret pc=0x0000000002f5fc5c method=com.android.dx.rop.code.LocalItem.hashCode()I @ 25
Event: 2.371 Thread 0x0000000017acb800 Uncommon trap: reason=unstable_if action=reinterpret pc=0x0000000002fa752c method=com.android.dx.rop.code.RegisterSpecSet.put(Lcom/android/dx/rop/code/RegisterSpec;)V @ 77
Event: 2.461 Thread 0x0000000017aa4000 Uncommon trap: reason=unstable_if action=reinterpret pc=0x0000000002f709a0 method=com.android.dx.rop.code.RegisterSpec.equals(ILcom/android/dx/rop/type/TypeBearer;Lcom/android/dx/rop/code/LocalItem;)Z @ 42
Event: 2.783 Thread 0x0000000017aa4000 Uncommon trap: reason=bimorphic action=maybe_recompile pc=0x0000000002f36f18 method=java.util.HashMap.getNode(ILjava/lang/Object;)Ljava/util/HashMap$Node; @ 126
Event: 2.955 Thread 0x0000000002bd0800 Uncommon trap: reason=unstable_if action=reinterpret pc=0x0000000002f299dc method=com.android.dx.rop.cst.Constant.compareTo(Lcom/android/dx/rop/cst/Constant;)I @ 12
Event: 3.183 Thread 0x0000000002bd0800 Uncommon trap: reason=bimorphic action=maybe_recompile pc=0x0000000002f7567c method=java.util.HashMap.getNode(ILjava/lang/Object;)Ljava/util/HashMap$Node; @ 126
Event: 3.183 Thread 0x0000000002bd0800 Uncommon trap: reason=bimorphic action=maybe_recompile pc=0x0000000002f36f18 method=java.util.HashMap.getNode(ILjava/lang/Object;)Ljava/util/HashMap$Node; @ 126
Event: 3.401 Thread 0x0000000002bd0800 Uncommon trap: reason=unstable_if action=reinterpret pc=0x0000000002e9f3f8 method=java.lang.String.<init>([CII)V @ 18

Internal exceptions (2 events):
Event: 1.098 Thread 0x0000000002bd0800 Exception <a 'java/lang/NoSuchMethodError': Method sun.misc.Unsafe.defineClass(Ljava/lang/String;[BII)Ljava/lang/Class; name or signature does not match> (0x00000000eab07cc0) thrown at [C:\re\workspace\8-2-build-windows-amd64-cygwin\jdk8u101\7261\hotspot\s661?
Event: 1.098 Thread 0x0000000002bd0800 Exception <a 'java/lang/NoSuchMethodError': Method sun.misc.Unsafe.prefetchRead(Ljava/lang/Object;J)V name or signature does not match> (0x00000000eab07fa8) thrown at [C:\re\workspace\8-2-build-windows-amd64-cygwin\jdk8u101\7261\hotspot\src\share\vm\prims\

Events (10 events):
Event: 3.183 Thread 0x0000000002bd0800 Uncommon trap: trap_request=0xffffffc6 fr.pc=0x0000000002f36f18
Event: 3.183 Thread 0x0000000002bd0800 DEOPT PACKING pc=0x0000000002f36f18 sp=0x0000000002b1e3a0
Event: 3.183 Thread 0x0000000002bd0800 DEOPT UNPACKING pc=0x0000000002d1582a sp=0x0000000002b1e2b8 mode 2
Event: 3.314 Thread 0x0000000017aa6000 DEOPT PACKING pc=0x0000000002fceb0d sp=0x00000000190ce810
Event: 3.314 Thread 0x0000000017aa6000 DEOPT UNPACKING pc=0x0000000002d1787f sp=0x00000000190ce590 mode 0
Event: 3.396 loading class com/android/dx/cf/attrib/AttExceptions
Event: 3.396 loading class com/android/dx/cf/attrib/AttExceptions done
Event: 3.401 Thread 0x0000000002bd0800 Uncommon trap: trap_request=0xffffff65 fr.pc=0x0000000002e9f3f8
Event: 3.401 Thread 0x0000000002bd0800 DEOPT PACKING pc=0x0000000002e9f3f8 sp=0x0000000002b1e560
Event: 3.401 Thread 0x0000000002bd0800 DEOPT UNPACKING pc=0x0000000002d1582a sp=0x0000000002b1e490 mode 2


Dynamic libraries:
0x00007ff7cc4e0000 - 0x00007ff7cc517000 	C:\Program Files\Java\jdk1.8.0_101\bin\java.exe
0x00007ff89b880000 - 0x00007ff89ba51000 	C:\WINDOWS\SYSTEM32\ntdll.dll
0x00007ff899600000 - 0x00007ff8996ab000 	C:\WINDOWS\System32\KERNEL32.DLL
0x00007ff897e10000 - 0x00007ff89802d000 	C:\WINDOWS\System32\KERNELBASE.dll
0x00007ff899a00000 - 0x00007ff899aa2000 	C:\WINDOWS\System32\ADVAPI32.dll
0x00007ff899200000 - 0x00007ff89929e000 	C:\WINDOWS\System32\msvcrt.dll
0x00007ff899bf0000 - 0x00007ff899c49000 	C:\WINDOWS\System32\sechost.dll
0x00007ff8992a0000 - 0x00007ff8993c1000 	C:\WINDOWS\System32\RPCRT4.dll
0x00007ff8993e0000 - 0x00007ff899545000 	C:\WINDOWS\System32\USER32.dll
0x00007ff898d40000 - 0x00007ff898d5e000 	C:\WINDOWS\System32\win32u.dll
0x00007ff899c50000 - 0x00007ff899c84000 	C:\WINDOWS\System32\GDI32.dll
0x00007ff8983b0000 - 0x00007ff898532000 	C:\WINDOWS\System32\gdi32full.dll
0x00007ff88e4a0000 - 0x00007ff88e719000 	C:\WINDOWS\WinSxS\amd64_microsoft.windows.common-controls_6595b64144ccf1df_6.0.14393.0_none_2d0f50fcbdb171b8\COMCTL32.dll
0x00007ff898f30000 - 0x00007ff8991f7000 	C:\WINDOWS\System32\combase.dll
0x00007ff8982b0000 - 0x00007ff8983a5000 	C:\WINDOWS\System32\ucrtbase.dll
0x00007ff898c20000 - 0x00007ff898c8a000 	C:\WINDOWS\System32\bcryptPrimitives.dll
0x00007ff8995b0000 - 0x00007ff8995de000 	C:\WINDOWS\System32\IMM32.DLL
0x000000006b4a0000 - 0x000000006b572000 	C:\Program Files\Java\jdk1.8.0_101\jre\bin\msvcr100.dll
0x000000006bab0000 - 0x000000006c34a000 	C:\Program Files\Java\jdk1.8.0_101\jre\bin\server\jvm.dll
0x00007ff899980000 - 0x00007ff899988000 	C:\WINDOWS\System32\PSAPI.DLL
0x00007ff8837f0000 - 0x00007ff8837f9000 	C:\WINDOWS\SYSTEM32\WSOCK32.dll
0x00007ff899990000 - 0x00007ff8999fa000 	C:\WINDOWS\System32\WS2_32.dll
0x00007ff895bb0000 - 0x00007ff895bd3000 	C:\WINDOWS\SYSTEM32\WINMM.dll
0x00007ff893e90000 - 0x00007ff893e9a000 	C:\WINDOWS\SYSTEM32\VERSION.dll
0x00007ff895b50000 - 0x00007ff895b7b000 	C:\WINDOWS\SYSTEM32\WINMMBASE.dll
0x00007ff898c90000 - 0x00007ff898cd2000 	C:\WINDOWS\System32\cfgmgr32.dll
0x000000006b9c0000 - 0x000000006b9cf000 	C:\Program Files\Java\jdk1.8.0_101\jre\bin\verify.dll
0x000000006b990000 - 0x000000006b9b9000 	C:\Program Files\Java\jdk1.8.0_101\jre\bin\java.dll
0x000000006b970000 - 0x000000006b986000 	C:\Program Files\Java\jdk1.8.0_101\jre\bin\zip.dll
0x00007ff89a370000 - 0x00007ff89b878000 	C:\WINDOWS\System32\SHELL32.dll
0x00007ff898540000 - 0x00007ff898c1a000 	C:\WINDOWS\System32\windows.storage.dll
0x00007ff897da0000 - 0x00007ff897dec000 	C:\WINDOWS\System32\powrprof.dll
0x00007ff898ed0000 - 0x00007ff898f22000 	C:\WINDOWS\System32\shlwapi.dll
0x00007ff897df0000 - 0x00007ff897dff000 	C:\WINDOWS\System32\kernel.appcore.dll
0x00007ff898030000 - 0x00007ff8980d9000 	C:\WINDOWS\System32\shcore.dll
0x00007ff897d80000 - 0x00007ff897d94000 	C:\WINDOWS\System32\profapi.dll

VM Arguments:
jvm_args: -Djava.awt.headless=true -Xmx1024M -Dfile.encoding=windows-1252 -Duser.country=GB -Duser.language=en -Duser.variant 
java_command: com.android.dx.command.Main --dex --force-jumbo --num-threads=4 --multi-dex --output C:\Users\mene9\Documents\GitHub\Android Projects\MyFirstExample\app\build\intermediates\transforms\dex\debug\folders\1000\10\com.android.support-appcompat-v7-24.2.0_6dcb8d49d1cdeeeb78d8e1946e64cafb879f68b5 C:\Users\mene9\Documents\GitHub\Android Projects\MyFirstExample\app\build\intermediates\exploded-aar\com.android.support\appcompat-v7\24.2.0\jars\classes.jar
java_class_path (initial): C:\Users\mene9\AppData\Local\Android\sdk\build-tools\24.0.2\lib\dx.jar
Launcher Type: SUN_STANDARD

Environment Variables:
PATH=C:\ProgramData\Oracle\Java\javapath;C:\WINDOWS\system32;C:\WINDOWS;C:\WINDOWS\System32\Wbem;C:\WINDOWS\System32\WindowsPowerShell\v1.0\;C:\Program Files\MATLAB\R2016a\runtime\win64;C:\Program Files\MATLAB\R2016a\bin;C:\Program Files (x86)\NVIDIA Corporation\PhysX\Common;C:\Program Files (x86)\Microsoft VS Code\bin;C:\Users\mene9\AppData\Local\Programs\MiKTeX 2.9\miktex\bin\;%USERPROFILE%\AppData\Local\Microsoft\WindowsApps;
USERNAME=mene9
OS=Windows_NT
PROCESSOR_IDENTIFIER=Intel64 Family 6 Model 42 Stepping 7, GenuineIntel



---------------  S Y S T E M  ---------------

OS: Windows 10.0 , 64 bit Build 14393 (10.0.14393.0)

CPU:total 8 (4 cores per cpu, 2 threads per core) family 6 model 42 stepping 7, cmov, cx8, fxsr, mmx, sse, sse2, sse3, ssse3, sse4.1, sse4.2, popcnt, avx, aes, clmul, ht, tsc, tscinvbit

Memory: 4k page, physical 8293056k(1268956k free), swap 9341632k(5220k free)

vm_info: Java HotSpot(TM) 64-Bit Server VM (25.101-b13) for windows-amd64 JRE (1.8.0_101-b13), built on Jun 22 2016 01:21:29 by "java_re" with MS VC++ 10.0 (VS2010)

time: Tue Sep 13 00:29:28 2016
elapsed time: 3 seconds (0d 0h 0m 3s)

