#
# There is insufficient memory for the Java Runtime Environment to continue.
# Native memory allocation (malloc) failed to allocate 32744 bytes for ChunkPool::allocate
# Possible reasons:
#   The system is out of physical RAM or swap space
#   In 32 bit mode, the process size limit was hit
# Possible solutions:
#   Reduce memory load on the system
#   Increase physical memory or swap space
#   Check if swap backing store is full
#   Use 64 bit Java on a 64 bit OS
#   Decrease Java heap size (-Xmx/-Xms)
#   Decrease number of Java threads
#   Decrease Java thread stack sizes (-Xss)
#   Set larger code cache with -XX:ReservedCodeCacheSize=
# This output file may be truncated or incomplete.
#
#  Out of Memory Error (allocation.cpp:273), pid=6060, tid=0x0000000000000f00
#
# JRE version: Java(TM) SE Runtime Environment (8.0_101-b13) (build 1.8.0_101-b13)
# Java VM: Java HotSpot(TM) 64-Bit Server VM (25.101-b13 mixed mode windows-amd64 compressed oops)
# Failed to write core dump. Minidumps are not enabled by default on client versions of Windows
#

---------------  T H R E A D  ---------------

Current thread (0x00000000170b6000):  JavaThread "C1 CompilerThread3" daemon [_thread_in_native, id=3840, stack(0x0000000017b20000,0x0000000017c20000)]

Stack: [0x0000000017b20000,0x0000000017c20000]
[error occurred during error reporting (printing stack bounds), id 0xc0000005]

Native frames: (J=compiled Java code, j=interpreted, Vv=VM code, C=native code)


Current CompileTask:
C1:    483   50  s!   3       sun.misc.URLClassPath::getLoader (197 bytes)


---------------  P R O C E S S  ---------------

Java Threads: ( => current thread )
  0x00000000170f9800 JavaThread "Service Thread" daemon [_thread_blocked, id=7840, stack(0x0000000017c20000,0x0000000017d20000)]
=>0x00000000170b6000 JavaThread "C1 CompilerThread3" daemon [_thread_in_native, id=3840, stack(0x0000000017b20000,0x0000000017c20000)]
  0x0000000017062000 JavaThread "C2 CompilerThread2" daemon [_thread_blocked, id=2940, stack(0x0000000017a20000,0x0000000017b20000)]
  0x000000001705f000 JavaThread "C2 CompilerThread1" daemon [_thread_blocked, id=5000, stack(0x0000000017920000,0x0000000017a20000)]
  0x0000000017057800 JavaThread "C2 CompilerThread0" daemon [_thread_blocked, id=8264, stack(0x0000000017820000,0x0000000017920000)]
  0x0000000017056800 JavaThread "Attach Listener" daemon [_thread_blocked, id=7880, stack(0x0000000017720000,0x0000000017820000)]
  0x000000000263e800 JavaThread "Signal Dispatcher" daemon [_thread_blocked, id=7036, stack(0x0000000017620000,0x0000000017720000)]
  0x0000000017050800 JavaThread "Finalizer" daemon [_thread_blocked, id=9212, stack(0x0000000017430000,0x0000000017530000)]
  0x000000001515d000 JavaThread "Reference Handler" daemon [_thread_blocked, id=6864, stack(0x0000000016f30000,0x0000000017030000)]
  0x0000000002540800 JavaThread "main" [_thread_in_native, id=6804, stack(0x0000000002290000,0x0000000002390000)]

Other Threads:
  0x0000000015159800 VMThread [stack: 0x0000000016e30000,0x0000000016f30000] [id=7296]
  0x00000000170fc000 WatcherThread [stack: 0x0000000017d20000,0x0000000017e20000] [id=3684]

VM state:not at safepoint (normal execution)

VM Mutex/Monitor currently owned by a thread: None

Heap:
 PSYoungGen      total 38400K, used 2013K [0x00000000eab00000, 0x00000000ed580000, 0x0000000100000000)
  eden space 33280K, 6% used [0x00000000eab00000,0x00000000eacf7730,0x00000000ecb80000)
  from space 5120K, 0% used [0x00000000ed080000,0x00000000ed080000,0x00000000ed580000)
  to   space 5120K, 0% used [0x00000000ecb80000,0x00000000ecb80000,0x00000000ed080000)
 ParOldGen       total 87552K, used 0K [0x00000000c0000000, 0x00000000c5580000, 0x00000000eab00000)
  object space 87552K, 0% used [0x00000000c0000000,0x00000000c0000000,0x00000000c5580000)
 Metaspace       used 3100K, capacity 4656K, committed 4864K, reserved 1060864K
  class space    used 343K, capacity 424K, committed 512K, reserved 1048576K

Card table byte_map: [0x0000000011a00000,0x0000000011c10000] byte_map_base: 0x0000000011400000

Marking Bits: (ParMarkBitMap*) 0x000000006c2ca6d0
 Begin Bits: [0x0000000012570000, 0x0000000013570000)
 End Bits:   [0x0000000013570000, 0x0000000014570000)

Polling page: 0x00000000024a0000

CodeCache: size=245760Kb used=1137Kb max_used=1137Kb free=244623Kb
 bounds [0x0000000002640000, 0x00000000028b0000, 0x0000000011640000]
 total_blobs=288 nmethods=49 adapters=152
 compilation: enabled

Compilation events (10 events):
Event: 0.429 Thread 0x00000000170b6000 nmethod 44 0x0000000002759710 code [0x0000000002759860, 0x00000000027599d0]
Event: 0.431 Thread 0x00000000170b6000   46       1       java.net.URL::getHost (5 bytes)
Event: 0.431 Thread 0x00000000170b6000 nmethod 46 0x0000000002759a50 code [0x0000000002759ba0, 0x0000000002759cb0]
Event: 0.431 Thread 0x00000000170b6000   47       1       java.net.URL::getProtocol (5 bytes)
Event: 0.431 Thread 0x00000000170b6000 nmethod 47 0x0000000002759d10 code [0x0000000002759e60, 0x0000000002759f70]
Event: 0.476 Thread 0x00000000170b6000   48       3       java.util.HashMap::getNode (148 bytes)
Event: 0.477 Thread 0x00000000170b6000 nmethod 48 0x000000000275a850 code [0x000000000275aa20, 0x000000000275b3c8]
Event: 0.478 Thread 0x00000000170b6000   49  s    3       sun.misc.URLClassPath::getNextLoader (88 bytes)
Event: 0.479 Thread 0x00000000170b6000 nmethod 49 0x000000000275b690 code [0x000000000275b860, 0x000000000275c0c8]
Event: 0.479 Thread 0x00000000170b6000   50  s!   3       sun.misc.URLClassPath::getLoader (197 bytes)

GC Heap History (0 events):
No events

Deoptimization events (0 events):
No events

Internal exceptions (2 events):
Event: 0.115 Thread 0x0000000002540800 Exception <a 'java/lang/NoSuchMethodError': Method sun.misc.Unsafe.defineClass(Ljava/lang/String;[BII)Ljava/lang/Class; name or signature does not match> (0x00000000eab07cc0) thrown at [C:\re\workspace\8-2-build-windows-amd64-cygwin\jdk8u101\7261\hotspot\smµ—1p½?
Event: 0.115 Thread 0x0000000002540800 Exception <a 'java/lang/NoSuchMethodError': Method sun.misc.Unsafe.prefetchRead(Ljava/lang/Object;J)V name or signature does not match> (0x00000000eab07fa8) thrown at [C:\re\workspace\8-2-build-windows-amd64-cygwin\jdk8u101\7261\hotspot\src\share\vm\prims\

Events (10 events):
Event: 0.477 loading class com/android/dx/rop/cst/Constant
Event: 0.477 loading class com/android/dx/rop/cst/Constant done
Event: 0.478 loading class com/android/dx/util/ToHuman
Event: 0.478 loading class com/android/dx/util/ToHuman done
Event: 0.479 loading class com/android/dx/rop/cst/CstType
Event: 0.479 loading class com/android/dx/rop/cst/CstType done
Event: 0.480 loading class com/android/dx/rop/cst/TypedConstant
Event: 0.480 loading class com/android/dx/rop/cst/TypedConstant done
Event: 0.480 loading class com/android/dx/rop/type/TypeBearer
Event: 0.480 loading class com/android/dx/rop/type/TypeBearer done


Dynamic libraries:
0x00007ff7cc4e0000 - 0x00007ff7cc517000 	C:\Program Files\Java\jdk1.8.0_101\bin\java.exe
0x00007ff89b880000 - 0x00007ff89ba51000 	C:\WINDOWS\SYSTEM32\ntdll.dll
0x00007ff899600000 - 0x00007ff8996ab000 	C:\WINDOWS\System32\KERNEL32.DLL
0x00007ff897e10000 - 0x00007ff89802d000 	C:\WINDOWS\System32\KERNELBASE.dll
0x00007ff899a00000 - 0x00007ff899aa2000 	C:\WINDOWS\System32\ADVAPI32.dll
0x00007ff899200000 - 0x00007ff89929e000 	C:\WINDOWS\System32\msvcrt.dll
0x00007ff899bf0000 - 0x00007ff899c49000 	C:\WINDOWS\System32\sechost.dll
0x00007ff8992a0000 - 0x00007ff8993c1000 	C:\WINDOWS\System32\RPCRT4.dll
0x00007ff8993e0000 - 0x00007ff899545000 	C:\WINDOWS\System32\USER32.dll
0x00007ff898d40000 - 0x00007ff898d5e000 	C:\WINDOWS\System32\win32u.dll
0x00007ff899c50000 - 0x00007ff899c84000 	C:\WINDOWS\System32\GDI32.dll
0x00007ff8983b0000 - 0x00007ff898532000 	C:\WINDOWS\System32\gdi32full.dll
0x00007ff88e4a0000 - 0x00007ff88e719000 	C:\WINDOWS\WinSxS\amd64_microsoft.windows.common-controls_6595b64144ccf1df_6.0.14393.0_none_2d0f50fcbdb171b8\COMCTL32.dll
0x00007ff898f30000 - 0x00007ff8991f7000 	C:\WINDOWS\System32\combase.dll
0x00007ff8982b0000 - 0x00007ff8983a5000 	C:\WINDOWS\System32\ucrtbase.dll
0x00007ff898c20000 - 0x00007ff898c8a000 	C:\WINDOWS\System32\bcryptPrimitives.dll
0x00007ff8995b0000 - 0x00007ff8995de000 	C:\WINDOWS\System32\IMM32.DLL
0x000000006b4a0000 - 0x000000006b572000 	C:\Program Files\Java\jdk1.8.0_101\jre\bin\msvcr100.dll
0x000000006bab0000 - 0x000000006c34a000 	C:\Program Files\Java\jdk1.8.0_101\jre\bin\server\jvm.dll
0x00007ff899980000 - 0x00007ff899988000 	C:\WINDOWS\System32\PSAPI.DLL
0x00007ff8837f0000 - 0x00007ff8837f9000 	C:\WINDOWS\SYSTEM32\WSOCK32.dll
0x00007ff899990000 - 0x00007ff8999fa000 	C:\WINDOWS\System32\WS2_32.dll
0x00007ff895bb0000 - 0x00007ff895bd3000 	C:\WINDOWS\SYSTEM32\WINMM.dll
0x00007ff893e90000 - 0x00007ff893e9a000 	C:\WINDOWS\SYSTEM32\VERSION.dll
0x00007ff895b50000 - 0x00007ff895b7b000 	C:\WINDOWS\SYSTEM32\WINMMBASE.dll
0x00007ff898c90000 - 0x00007ff898cd2000 	C:\WINDOWS\System32\cfgmgr32.dll
0x000000006b9c0000 - 0x000000006b9cf000 	C:\Program Files\Java\jdk1.8.0_101\jre\bin\verify.dll
0x000000006b990000 - 0x000000006b9b9000 	C:\Program Files\Java\jdk1.8.0_101\jre\bin\java.dll
0x000000006b970000 - 0x000000006b986000 	C:\Program Files\Java\jdk1.8.0_101\jre\bin\zip.dll
0x00007ff89a370000 - 0x00007ff89b878000 	C:\WINDOWS\System32\SHELL32.dll
0x00007ff898540000 - 0x00007ff898c1a000 	C:\WINDOWS\System32\windows.storage.dll
0x00007ff897da0000 - 0x00007ff897dec000 	C:\WINDOWS\System32\powrprof.dll
0x00007ff898ed0000 - 0x00007ff898f22000 	C:\WINDOWS\System32\shlwapi.dll
0x00007ff897df0000 - 0x00007ff897dff000 	C:\WINDOWS\System32\kernel.appcore.dll
0x00007ff898030000 - 0x00007ff8980d9000 	C:\WINDOWS\System32\shcore.dll
0x00007ff897d80000 - 0x00007ff897d94000 	C:\WINDOWS\System32\profapi.dll

VM Arguments:
jvm_args: -Djava.awt.headless=true -Xmx1024M -Dfile.encoding=windows-1252 -Duser.country=GB -Duser.language=en -Duser.variant 
java_command: com.android.dx.command.Main --dex --force-jumbo --num-threads=4 --multi-dex --output C:\Users\mene9\Documents\GitHub\Android Projects\MyFirstExample\app\build\intermediates\transforms\dex\debug\folders\1000\10\instant-run_10eb0defb1324ea3a9ae708fbcce37776caa2875 C:\Users\mene9\Documents\GitHub\Android Projects\MyFirstExample\app\build\intermediates\incremental-runtime-classes\debug\instant-run.jar
java_class_path (initial): C:\Users\mene9\AppData\Local\Android\sdk\build-tools\24.0.2\lib\dx.jar
Launcher Type: SUN_STANDARD

Environment Variables:
PATH=C:\ProgramData\Oracle\Java\javapath;C:\WINDOWS\system32;C:\WINDOWS;C:\WINDOWS\System32\Wbem;C:\WINDOWS\System32\WindowsPowerShell\v1.0\;C:\Program Files\MATLAB\R2016a\runtime\win64;C:\Program Files\MATLAB\R2016a\bin;C:\Program Files (x86)\NVIDIA Corporation\PhysX\Common;C:\Program Files (x86)\Microsoft VS Code\bin;C:\Users\mene9\AppData\Local\Programs\MiKTeX 2.9\miktex\bin\;%USERPROFILE%\AppData\Local\Microsoft\WindowsApps;
USERNAME=mene9
OS=Windows_NT
PROCESSOR_IDENTIFIER=Intel64 Family 6 Model 42 Stepping 7, GenuineIntel



---------------  S Y S T E M  ---------------

OS: Windows 10.0 , 64 bit Build 14393 (10.0.14393.0)

CPU:total 8 (4 cores per cpu, 2 threads per core) family 6 model 42 stepping 7, cmov, cx8, fxsr, mmx, sse, sse2, sse3, ssse3, sse4.1, sse4.2, popcnt, avx, aes, clmul, ht, tsc, tscinvbit

Memory: 4k page, physical 8293056k(1298936k free), swap 9341632k(4104k free)

vm_info: Java HotSpot(TM) 64-Bit Server VM (25.101-b13) for windows-amd64 JRE (1.8.0_101-b13), built on Jun 22 2016 01:21:29 by "java_re" with MS VC++ 10.0 (VS2010)

time: Tue Sep 13 00:29:27 2016
elapsed time: 0 seconds (0d 0h 0m 0s)

